<?xml version="1.0" encoding="UTF-8"?>
<!-- Generated by org.testng.reporters.JUnitXMLReporter -->
<testsuite ignored="0" hostname="karthikk" failures="0" tests="4" name="Default test" time="71.464" errors="0" timestamp="2026-04-09T12:08:41 IST">
  <testcase classname="TestCaseRepo.TC_001" name="LE_001" time="13.338">
    <skipped/>
  </testcase> <!-- LE_001 -->
  <testcase classname="TestCaseRepo.TC_001" name="LE_001" time="12.986">
    <skipped/>
  </testcase> <!-- LE_001 -->
  <testcase classname="TestCaseRepo.TC_001" name="LE_001" time="10.248">
    <skipped/>
  </testcase> <!-- LE_001 -->
  <testcase classname="TestCaseRepo.TC_001" name="LE_001" time="19.065"/>
</testsuite> <!-- Default test -->
