<?xml version="1.0" encoding="UTF-8"?>
<!-- Generated by org.testng.reporters.JUnitXMLReporter -->
<testsuite ignored="2" hostname="karthikk" failures="1" tests="2" name="Test1" time="75.861" errors="0" timestamp="2026-04-07T12:25:16 IST">
  <testcase classname="TestCaseRepo.TC_001" name="annotationOperation" time="15.737">
    <failure type="java.lang.AssertionError" message="null">
      <![CDATA[java.lang.AssertionError: null
at TestCaseRepo.TC_001.annotationOperation(TC_001.java:24)
at java.base/java.util.ArrayList.forEach(ArrayList.java:1596)
at java.base/java.util.concurrent.FutureTask.run(FutureTask.java:317)
at java.base/java.util.concurrent.ThreadPoolExecutor.runWorker(ThreadPoolExecutor.java:1144)
at java.base/java.util.concurrent.ThreadPoolExecutor$Worker.run(ThreadPoolExecutor.java:642)
at java.base/java.lang.Thread.run(Thread.java:1583)
... Removed 17 stack frames]]>
    </failure>
  </testcase> <!-- annotationOperation -->
  <testcase classname="TestCaseRepo.TC_002" name="annotationOperation" time="24.232"/>
  <testcase classname="genericUtility.BaseClass" name="@BeforeSuite bsConfig" time="0.0">
    <ignored/>
  </testcase> <!-- @BeforeSuite bsConfig -->
  <testcase classname="genericUtility.BaseClass" name="@AfterSuite asConfig" time="0.0">
    <ignored/>
  </testcase> <!-- @AfterSuite asConfig -->
</testsuite> <!-- Test1 -->
