<?xml version="1.0" encoding="UTF-8"?>
<testng-results ignored="1" total="7" passed="6" failed="0" skipped="0">
  <reporter-output>
  </reporter-output>
  <suite started-at="2026-04-10T12:31:56 IST" name="Suite" finished-at="2026-04-10T12:35:02 IST" duration-ms="185412">
    <groups>
      <group name="system">
        <method signature="Test_TC_002.LE_002()[pri:0, instance:TestCaseRepo.Test_TC_002@ef9296d]" name="LE_002" class="TestCaseRepo.Test_TC_002"/>
      </group> <!-- system -->
      <group name="Regression">
        <method signature="TC_001.LE_001()[pri:0, instance:TestCaseRepo.TC_001@7880cdf3]" name="LE_001" class="TestCaseRepo.TC_001"/>
        <method signature="TC_003.LE_003()[pri:0, instance:TestCaseRepo.TC_003@6af93788]" name="LE_003" class="TestCaseRepo.TC_003"/>
      </group> <!-- Regression -->
      <group name="Smoke">
        <method signature="TC_004.CT_004()[pri:0, instance:TestCaseRepo.TC_004@1184ab05]" name="CT_004" class="TestCaseRepo.TC_004"/>
        <method signature="Test_TC_002.LE_002()[pri:0, instance:TestCaseRepo.Test_TC_002@ef9296d]" name="LE_002" class="TestCaseRepo.Test_TC_002"/>
        <method signature="Test_TC_006.CT_006()[pri:0, instance:TestCaseRepo.Test_TC_006@5be6e01c]" name="CT_006" class="TestCaseRepo.Test_TC_006"/>
      </group> <!-- Smoke -->
      <group name="System">
        <method signature="TC_003.LE_003()[pri:0, instance:TestCaseRepo.TC_003@6af93788]" name="LE_003" class="TestCaseRepo.TC_003"/>
        <method signature="Test_TC_005.CT_005()[pri:0, instance:TestCaseRepo.Test_TC_005@36c88a32]" name="CT_005" class="TestCaseRepo.Test_TC_005"/>
        <method signature="Test_TC_006.CT_006()[pri:0, instance:TestCaseRepo.Test_TC_006@5be6e01c]" name="CT_006" class="TestCaseRepo.Test_TC_006"/>
      </group> <!-- System -->
    </groups>
    <test started-at="2026-04-10T12:31:56 IST" name="Test" finished-at="2026-04-10T12:35:02 IST" duration-ms="185412">
      <class name="TestCaseRepo.Test_TC_006">
        <test-method is-config="true" signature="bcConfig(java.lang.String)[pri:0, instance:TestCaseRepo.Test_TC_006@5be6e01c]" started-at="2026-04-10T12:34:30 IST" name="bcConfig" finished-at="2026-04-10T12:34:33 IST" duration-ms="3496" status="PASS">
          <params>
            <param index="0">
              <value>
                <![CDATA[Chrome]]>
              </value>
            </param>
          </params>
          <reporter-output>
          </reporter-output>
        </test-method> <!-- bcConfig -->
        <test-method is-config="true" signature="bmConfig()[pri:0, instance:TestCaseRepo.Test_TC_006@5be6e01c]" started-at="2026-04-10T12:34:33 IST" name="bmConfig" finished-at="2026-04-10T12:34:38 IST" duration-ms="4688" status="PASS">
          <reporter-output>
          </reporter-output>
        </test-method> <!-- bmConfig -->
        <test-method signature="CT_006()[pri:0, instance:TestCaseRepo.Test_TC_006@5be6e01c]" started-at="2026-04-10T12:34:38 IST" name="CT_006" finished-at="2026-04-10T12:34:58 IST" duration-ms="20495" status="PASS">
          <reporter-output>
          </reporter-output>
        </test-method> <!-- CT_006 -->
        <test-method is-config="true" signature="amConfig()[pri:0, instance:TestCaseRepo.Test_TC_006@5be6e01c]" started-at="2026-04-10T12:34:58 IST" name="amConfig" finished-at="2026-04-10T12:35:01 IST" duration-ms="2540" status="PASS">
          <reporter-output>
          </reporter-output>
        </test-method> <!-- amConfig -->
        <test-method is-config="true" signature="acConfig()[pri:0, instance:TestCaseRepo.Test_TC_006@5be6e01c]" started-at="2026-04-10T12:35:01 IST" name="acConfig" finished-at="2026-04-10T12:35:02 IST" duration-ms="718" status="PASS">
          <reporter-output>
          </reporter-output>
        </test-method> <!-- acConfig -->
      </class> <!-- TestCaseRepo.Test_TC_006 -->
      <class name="TestCaseRepo.Test_TC_005">
        <test-method is-config="true" signature="bcConfig(java.lang.String)[pri:0, instance:TestCaseRepo.Test_TC_005@36c88a32]" started-at="2026-04-10T12:33:29 IST" name="bcConfig" finished-at="2026-04-10T12:33:32 IST" duration-ms="2984" status="PASS">
          <params>
            <param index="0">
              <value>
                <![CDATA[Chrome]]>
              </value>
            </param>
          </params>
          <reporter-output>
          </reporter-output>
        </test-method> <!-- bcConfig -->
        <test-method is-config="true" signature="bmConfig()[pri:0, instance:TestCaseRepo.Test_TC_005@36c88a32]" started-at="2026-04-10T12:33:32 IST" name="bmConfig" finished-at="2026-04-10T12:33:36 IST" duration-ms="3986" status="PASS">
          <reporter-output>
          </reporter-output>
        </test-method> <!-- bmConfig -->
        <test-method signature="CT_005()[pri:0, instance:TestCaseRepo.Test_TC_005@36c88a32]" started-at="2026-04-10T12:33:36 IST" name="CT_005" finished-at="2026-04-10T12:33:56 IST" duration-ms="20657" status="PASS">
          <reporter-output>
          </reporter-output>
        </test-method> <!-- CT_005 -->
        <test-method is-config="true" signature="amConfig()[pri:0, instance:TestCaseRepo.Test_TC_005@36c88a32]" started-at="2026-04-10T12:33:56 IST" name="amConfig" finished-at="2026-04-10T12:33:59 IST" duration-ms="2392" status="PASS">
          <reporter-output>
          </reporter-output>
        </test-method> <!-- amConfig -->
        <test-method is-config="true" signature="acConfig()[pri:0, instance:TestCaseRepo.Test_TC_005@36c88a32]" started-at="2026-04-10T12:33:59 IST" name="acConfig" finished-at="2026-04-10T12:34:00 IST" duration-ms="960" status="PASS">
          <reporter-output>
          </reporter-output>
        </test-method> <!-- acConfig -->
      </class> <!-- TestCaseRepo.Test_TC_005 -->
      <class name="TestCaseRepo.TC_003">
        <test-method is-config="true" signature="bcConfig(java.lang.String)[pri:0, instance:TestCaseRepo.TC_003@6af93788]" started-at="2026-04-10T12:32:29 IST" name="bcConfig" finished-at="2026-04-10T12:32:32 IST" duration-ms="3127" status="PASS">
          <params>
            <param index="0">
              <value>
                <![CDATA[Chrome]]>
              </value>
            </param>
          </params>
          <reporter-output>
          </reporter-output>
        </test-method> <!-- bcConfig -->
        <test-method is-config="true" signature="bmConfig()[pri:0, instance:TestCaseRepo.TC_003@6af93788]" started-at="2026-04-10T12:32:32 IST" name="bmConfig" finished-at="2026-04-10T12:32:36 IST" duration-ms="4353" status="PASS">
          <reporter-output>
          </reporter-output>
        </test-method> <!-- bmConfig -->
        <test-method signature="LE_003()[pri:0, instance:TestCaseRepo.TC_003@6af93788]" started-at="2026-04-10T12:32:36 IST" name="LE_003" finished-at="2026-04-10T12:32:56 IST" duration-ms="19504" status="PASS">
          <reporter-output>
          </reporter-output>
        </test-method> <!-- LE_003 -->
        <test-method is-config="true" signature="amConfig()[pri:0, instance:TestCaseRepo.TC_003@6af93788]" started-at="2026-04-10T12:32:56 IST" name="amConfig" finished-at="2026-04-10T12:32:58 IST" duration-ms="2567" status="PASS">
          <reporter-output>
          </reporter-output>
        </test-method> <!-- amConfig -->
        <test-method is-config="true" signature="acConfig()[pri:0, instance:TestCaseRepo.TC_003@6af93788]" started-at="2026-04-10T12:32:58 IST" name="acConfig" finished-at="2026-04-10T12:32:59 IST" duration-ms="793" status="PASS">
          <reporter-output>
          </reporter-output>
        </test-method> <!-- acConfig -->
      </class> <!-- TestCaseRepo.TC_003 -->
      <class name="TestCaseRepo.TC_004">
        <test-method is-config="true" signature="bsConfig()[pri:0, instance:TestCaseRepo.TC_004@1184ab05]" started-at="2026-04-10T12:31:56 IST" name="bsConfig" finished-at="2026-04-10T12:31:56 IST" duration-ms="13" status="PASS">
          <reporter-output>
          </reporter-output>
        </test-method> <!-- bsConfig -->
        <test-method is-config="true" signature="bcConfig(java.lang.String)[pri:0, instance:TestCaseRepo.TC_004@1184ab05]" started-at="2026-04-10T12:31:56 IST" name="bcConfig" finished-at="2026-04-10T12:32:00 IST" duration-ms="3773" status="PASS">
          <params>
            <param index="0">
              <value>
                <![CDATA[Chrome]]>
              </value>
            </param>
          </params>
          <reporter-output>
          </reporter-output>
        </test-method> <!-- bcConfig -->
        <test-method is-config="true" signature="bmConfig()[pri:0, instance:TestCaseRepo.TC_004@1184ab05]" started-at="2026-04-10T12:32:00 IST" name="bmConfig" finished-at="2026-04-10T12:32:05 IST" duration-ms="4625" status="PASS">
          <reporter-output>
          </reporter-output>
        </test-method> <!-- bmConfig -->
        <test-method signature="CT_004()[pri:0, instance:TestCaseRepo.TC_004@1184ab05]" started-at="2026-04-10T12:32:05 IST" name="CT_004" finished-at="2026-04-10T12:32:26 IST" duration-ms="20614" status="PASS">
          <reporter-output>
          </reporter-output>
        </test-method> <!-- CT_004 -->
        <test-method is-config="true" signature="amConfig()[pri:0, instance:TestCaseRepo.TC_004@1184ab05]" started-at="2026-04-10T12:32:26 IST" name="amConfig" finished-at="2026-04-10T12:32:28 IST" duration-ms="2521" status="PASS">
          <reporter-output>
          </reporter-output>
        </test-method> <!-- amConfig -->
        <test-method is-config="true" signature="acConfig()[pri:0, instance:TestCaseRepo.TC_004@1184ab05]" started-at="2026-04-10T12:32:28 IST" name="acConfig" finished-at="2026-04-10T12:32:29 IST" duration-ms="740" status="PASS">
          <reporter-output>
          </reporter-output>
        </test-method> <!-- acConfig -->
        <test-method is-config="true" signature="asConfig()[pri:0, instance:TestCaseRepo.TC_004@1184ab05]" started-at="2026-04-10T12:35:02 IST" name="asConfig" finished-at="2026-04-10T12:35:02 IST" duration-ms="1" status="PASS">
          <reporter-output>
          </reporter-output>
        </test-method> <!-- asConfig -->
      </class> <!-- TestCaseRepo.TC_004 -->
      <class name="TestCaseRepo.Test_TC_002">
        <test-method is-config="true" signature="bcConfig(java.lang.String)[pri:0, instance:TestCaseRepo.Test_TC_002@ef9296d]" started-at="2026-04-10T12:32:59 IST" name="bcConfig" finished-at="2026-04-10T12:33:02 IST" duration-ms="3049" status="PASS">
          <params>
            <param index="0">
              <value>
                <![CDATA[Chrome]]>
              </value>
            </param>
          </params>
          <reporter-output>
          </reporter-output>
        </test-method> <!-- bcConfig -->
        <test-method is-config="true" signature="bmConfig()[pri:0, instance:TestCaseRepo.Test_TC_002@ef9296d]" started-at="2026-04-10T12:33:02 IST" name="bmConfig" finished-at="2026-04-10T12:33:07 IST" duration-ms="4416" status="PASS">
          <reporter-output>
          </reporter-output>
        </test-method> <!-- bmConfig -->
        <test-method signature="LE_002()[pri:0, instance:TestCaseRepo.Test_TC_002@ef9296d]" started-at="2026-04-10T12:33:07 IST" name="LE_002" finished-at="2026-04-10T12:33:26 IST" duration-ms="19164" status="PASS">
          <reporter-output>
          </reporter-output>
        </test-method> <!-- LE_002 -->
        <test-method is-config="true" signature="amConfig()[pri:0, instance:TestCaseRepo.Test_TC_002@ef9296d]" started-at="2026-04-10T12:33:26 IST" name="amConfig" finished-at="2026-04-10T12:33:28 IST" duration-ms="2190" status="PASS">
          <reporter-output>
          </reporter-output>
        </test-method> <!-- amConfig -->
        <test-method is-config="true" signature="acConfig()[pri:0, instance:TestCaseRepo.Test_TC_002@ef9296d]" started-at="2026-04-10T12:33:28 IST" name="acConfig" finished-at="2026-04-10T12:33:29 IST" duration-ms="863" status="PASS">
          <reporter-output>
          </reporter-output>
        </test-method> <!-- acConfig -->
      </class> <!-- TestCaseRepo.Test_TC_002 -->
      <class name="TestCaseRepo.TC_001">
        <test-method is-config="true" signature="bcConfig(java.lang.String)[pri:0, instance:TestCaseRepo.TC_001@7880cdf3]" started-at="2026-04-10T12:34:00 IST" name="bcConfig" finished-at="2026-04-10T12:34:03 IST" duration-ms="3144" status="PASS">
          <params>
            <param index="0">
              <value>
                <![CDATA[Chrome]]>
              </value>
            </param>
          </params>
          <reporter-output>
          </reporter-output>
        </test-method> <!-- bcConfig -->
        <test-method is-config="true" signature="bmConfig()[pri:0, instance:TestCaseRepo.TC_001@7880cdf3]" started-at="2026-04-10T12:34:03 IST" name="bmConfig" finished-at="2026-04-10T12:34:07 IST" duration-ms="4309" status="PASS">
          <reporter-output>
          </reporter-output>
        </test-method> <!-- bmConfig -->
        <test-method signature="LE_001()[pri:0, instance:TestCaseRepo.TC_001@7880cdf3]" started-at="2026-04-10T12:34:07 IST" name="LE_001" finished-at="2026-04-10T12:34:26 IST" duration-ms="18889" status="PASS">
          <reporter-output>
          </reporter-output>
        </test-method> <!-- LE_001 -->
        <test-method is-config="true" signature="amConfig()[pri:0, instance:TestCaseRepo.TC_001@7880cdf3]" started-at="2026-04-10T12:34:26 IST" name="amConfig" finished-at="2026-04-10T12:34:29 IST" duration-ms="2752" status="PASS">
          <reporter-output>
          </reporter-output>
        </test-method> <!-- amConfig -->
        <test-method is-config="true" signature="acConfig()[pri:0, instance:TestCaseRepo.TC_001@7880cdf3]" started-at="2026-04-10T12:34:29 IST" name="acConfig" finished-at="2026-04-10T12:34:30 IST" duration-ms="768" status="PASS">
          <reporter-output>
          </reporter-output>
        </test-method> <!-- acConfig -->
      </class> <!-- TestCaseRepo.TC_001 -->
    </test> <!-- Test -->
  </suite> <!-- Suite -->
</testng-results>
