<?xml version="1.0" encoding="UTF-8"?>
<testsuite xmlns:xsi="http://www.w3.org/2001/XMLSchema-instance" xsi:noNamespaceSchemaLocation="https://maven.apache.org/surefire/maven-surefire-plugin/xsd/surefire-test-report.xsd" version="3.0.2" name="TestSuite" time="186.428" tests="6" errors="0" skipped="0" failures="0" flakes="0">
  <properties>
[...]
</properties>
  <testcase name="CT_004" classname="TestCaseRepo.TC_004" time="20.619">
    <system-out><![CDATA[Creating DB Connection
on  tart executed
Browser Launch Successfully
Login Done Successfuly
CT_004on test start executed
2026-04-10T07:02:18.163520400Z main ERROR Log4j API could not find a logging provider.
]]></system-out>
    <system-err><![CDATA[SLF4J(W): No SLF4J providers were found.
SLF4J(W): Defaulting to no-operation (NOP) logger implementation
SLF4J(W): See https://www.slf4j.org/codes.html#noProviders for further details.
Apr 10, 2026 12:31:59 PM org.openqa.selenium.devtools.CdpVersionFinder findNearestMatch
WARNING: Unable to find an exact match for CDP version 146, returning the closest version; found: 143; Please update to a Selenium version that supports CDP version 146
]]></system-err>
  </testcase>
  <testcase name="LE_003" classname="TestCaseRepo.TC_003" time="19.504">
    <system-out><![CDATA[CT_004on test success executed
Logout Done Successfuly
Close the Browser
Browser Launch Successfully
Login Done Successfuly
LE_003on test start executed
]]></system-out>
    <system-err><![CDATA[Apr 10, 2026 12:32:31 PM org.openqa.selenium.devtools.CdpVersionFinder findNearestMatch
WARNING: Unable to find an exact match for CDP version 146, returning the closest version; found: 143; Please update to a Selenium version that supports CDP version 146
]]></system-err>
  </testcase>
  <testcase name="LE_002" classname="TestCaseRepo.Test_TC_002" time="19.164">
    <system-out><![CDATA[LE_003on test success executed
Logout Done Successfuly
Close the Browser
Browser Launch Successfully
Login Done Successfuly
LE_002on test start executed
]]></system-out>
    <system-err><![CDATA[Apr 10, 2026 12:33:01 PM org.openqa.selenium.devtools.CdpVersionFinder findNearestMatch
WARNING: Unable to find an exact match for CDP version 146, returning the closest version; found: 143; Please update to a Selenium version that supports CDP version 146
]]></system-err>
  </testcase>
  <testcase name="CT_005" classname="TestCaseRepo.Test_TC_005" time="20.659">
    <system-out><![CDATA[LE_002on test success executed
Logout Done Successfuly
Close the Browser
Browser Launch Successfully
Login Done Successfuly
CT_005on test start executed
]]></system-out>
    <system-err><![CDATA[Apr 10, 2026 12:33:31 PM org.openqa.selenium.devtools.CdpVersionFinder findNearestMatch
WARNING: Unable to find an exact match for CDP version 146, returning the closest version; found: 143; Please update to a Selenium version that supports CDP version 146
]]></system-err>
  </testcase>
  <testcase name="LE_001" classname="TestCaseRepo.TC_001" time="18.889">
    <system-out><![CDATA[CT_005on test success executed
Logout Done Successfuly
Close the Browser
Browser Launch Successfully
Login Done Successfuly
LE_001on test start executed
]]></system-out>
    <system-err><![CDATA[Apr 10, 2026 12:34:02 PM org.openqa.selenium.devtools.CdpVersionFinder findNearestMatch
WARNING: Unable to find an exact match for CDP version 146, returning the closest version; found: 143; Please update to a Selenium version that supports CDP version 146
]]></system-err>
  </testcase>
  <testcase name="CT_006" classname="TestCaseRepo.Test_TC_006" time="20.495">
    <system-out><![CDATA[LE_001on test success executed
Logout Done Successfuly
Close the Browser
Browser Launch Successfully
Login Done Successfuly
CT_006on test start executed
]]></system-out>
    <system-err><![CDATA[Apr 10, 2026 12:34:32 PM org.openqa.selenium.devtools.CdpVersionFinder findNearestMatch
WARNING: Unable to find an exact match for CDP version 146, returning the closest version; found: 143; Please update to a Selenium version that supports CDP version 146
]]></system-err>
  </testcase>
</testsuite>