<?xml version="1.0" encoding="UTF-8"?>
<!-- Generated by org.testng.reporters.JUnitXMLReporter -->
<testsuite ignored="2" hostname="karthikk" failures="0" tests="3" name="Test" time="99.083" errors="0" timestamp="2026-04-10T12:18:29 IST">
  <testcase classname="TestCaseRepo.TC_001" name="LE_001" time="26.841"/>
  <testcase classname="TestCaseRepo.Test_TC_002" name="LE_002" time="24.594"/>
  <testcase classname="TestCaseRepo.Test_TC_002" name="m1" time="0.0"/>
  <testcase classname="genericUtility.BaseClass" name="@BeforeSuite bsConfig" time="0.0">
    <ignored/>
  </testcase> <!-- @BeforeSuite bsConfig -->
  <testcase classname="genericUtility.BaseClass" name="@AfterSuite asConfig" time="0.0">
    <ignored/>
  </testcase> <!-- @AfterSuite asConfig -->
</testsuite> <!-- Test -->
