<?xml version="1.0" encoding="UTF-8"?>
<!-- Generated by org.testng.reporters.JUnitReportReporter -->
<testsuite hostname="karthikk" failures="0" tests="4" name="TestCaseRepo.TC_001" time="67.909" errors="0" timestamp="2026-04-09T12:08:42 IST" skipped="3">
  <testcase classname="TestCaseRepo.TC_001" name="LE_001" time="21.286"/>
  <testcase classname="TestCaseRepo.TC_001" name="LE_001" time="12.480">
    <skipped/>
  </testcase> <!-- LE_001 -->
  <testcase classname="TestCaseRepo.TC_001" name="LE_001" time="18.579">
    <skipped/>
  </testcase> <!-- LE_001 -->
  <testcase classname="TestCaseRepo.TC_001" name="LE_001" time="15.564">
    <skipped/>
  </testcase> <!-- LE_001 -->
</testsuite> <!-- TestCaseRepo.TC_001 -->
