<?xml version="1.0" encoding="UTF-8"?>
<!-- Generated by org.testng.reporters.JUnitReportReporter -->
<testsuite hostname="karthikk" failures="0" tests="4" name="TestPractice.TestNGAttributes" time="0.015" errors="0" timestamp="2026-04-01T11:25:42 IST" skipped="1">
  <testcase classname="TestPractice.TestNGAttributes" name="earlyMorning" time="0.010"/>
  <testcase classname="TestPractice.TestNGAttributes" name="goodMorning" time="0.003"/>
  <testcase classname="TestPractice.TestNGAttributes" name="goodAfternoon" time="0.002"/>
  <testcase classname="TestPractice.TestNGAttributes" name="goodEvening">
    <skipped/>
  </testcase> <!-- goodEvening -->
</testsuite> <!-- TestPractice.TestNGAttributes -->
