<?xml version="1.0" encoding="UTF-8"?>
<!-- Generated by org.testng.reporters.JUnitReportReporter -->
<testsuite hostname="karthikk" failures="0" tests="4" name="TestPractice.TestNGAttributes" time="0.001" errors="0" timestamp="2026-04-10T10:20:10 IST" skipped="1">
  <testcase classname="TestPractice.TestNGAttributes" name="earlyMorning" time="0.000"/>
  <testcase classname="TestPractice.TestNGAttributes" name="goodMorning" time="0.000"/>
  <testcase classname="TestPractice.TestNGAttributes" name="goodAfternoon" time="0.001"/>
  <testcase classname="TestPractice.TestNGAttributes" name="goodEvening">
    <skipped/>
  </testcase> <!-- goodEvening -->
</testsuite> <!-- TestPractice.TestNGAttributes -->
